<?xml version="1.0" encoding="UTF-8" ?>
<testsuite tests="22" failures="0" name="lab2.zad1.PsikusTest" time="0.015" errors="0" skipped="0">
  <properties>
    <property name="java.runtime.name" value="Java(TM) SE Runtime Environment"/>
    <property name="sun.boot.library.path" value="C:\Program Files (x86)\Java\jre1.8.0_31\bin"/>
    <property name="java.vm.version" value="25.31-b07"/>
    <property name="java.vm.vendor" value="Oracle Corporation"/>
    <property name="java.vendor.url" value="http://java.oracle.com/"/>
    <property name="path.separator" value=";"/>
    <property name="guice.disable.misplaced.annotation.check" value="true"/>
    <property name="java.vm.name" value="Java HotSpot(TM) Client VM"/>
    <property name="file.encoding.pkg" value="sun.io"/>
    <property name="user.script" value=""/>
    <property name="user.country" value="GB"/>
    <property name="sun.java.launcher" value="SUN_STANDARD"/>
    <property name="sun.os.patch.level" value=""/>
    <property name="java.vm.specification.name" value="Java Virtual Machine Specification"/>
    <property name="user.dir" value="D:\Dropbox\GitHub\Testowanie_JAVA\lab03\zad1"/>
    <property name="java.runtime.version" value="1.8.0_31-b13"/>
    <property name="java.awt.graphicsenv" value="sun.awt.Win32GraphicsEnvironment"/>
    <property name="java.endorsed.dirs" value="C:\Program Files (x86)\Java\jre1.8.0_31\lib\endorsed"/>
    <property name="os.arch" value="x86"/>
    <property name="java.io.tmpdir" value="C:\Users\Marek\AppData\Local\Temp\"/>
    <property name="line.separator" value="
"/>
    <property name="java.vm.specification.vendor" value="Oracle Corporation"/>
    <property name="user.variant" value=""/>
    <property name="os.name" value="Windows 8.1"/>
    <property name="classworlds.conf" value="D:\Dropbox\GitHub\Testowanie_JAVA\lab03\.metadata\.plugins\org.eclipse.m2e.launching\launches\m2conf4286104021555602702.tmp"/>
    <property name="sun.jnu.encoding" value="Cp1252"/>
    <property name="java.library.path" value="C:\Program Files (x86)\Java\jre1.8.0_31\bin;C:\Windows\Sun\Java\bin;C:\Windows\system32;C:\Windows;C:/Program Files (x86)/Java/jre1.8.0_31/bin/client;C:/Program Files (x86)/Java/jre1.8.0_31/bin;C:/Program Files (x86)/Java/jre1.8.0_31/lib/i386;C:\ProgramData\Oracle\Java\javapath;C:\Program Files (x86)\Intel\iCLS Client\;C:\Program Files\Intel\iCLS Client\;C:\Windows\system32;C:\Windows;C:\Windows\System32\Wbem;C:\Windows\System32\WindowsPowerShell\v1.0\;C:\Program Files (x86)\ATI Technologies\ATI.ACE\Core-Static;D:\Program Files\Intel\Intel(R) Management Engine Components\DAL;C:\Program Files (x86)\Intel\Intel(R) Management Engine Components\DAL;D:\Program Files\Intel\Intel(R) Management Engine Components\IPT;C:\Program Files (x86)\Intel\Intel(R) Management Engine Components\IPT;C:\Program Files (x86)\AMD\ATI.ACE\Core-Static;C:\Program Files (x86)\Windows Kits\8.1\Windows Performance Toolkit\;C:\Program Files\Microsoft SQL Server\110\Tools\Binn\;C:\Program Files (x86)\Microsoft SDKs\TypeScript\1.0\;C:\Program Files\Microsoft SQL Server\120\Tools\Binn\;C:\Program Files\Microsoft SQL Server\Client SDK\ODBC\110\Tools\Binn\;C:\Program Files (x86)\Microsoft SQL Server\120\Tools\Binn\;C:\Program Files\Microsoft SQL Server\120\DTS\Binn\;C:\Program Files (x86)\Microsoft SQL Server\120\Tools\Binn\ManagementStudio\;C:\Program Files (x86)\Microsoft SQL Server\120\DTS\Binn\;D:\Program Files\Ruby21\bin;D:\Program Files\Eclipse;;."/>
    <property name="java.specification.name" value="Java Platform API Specification"/>
    <property name="java.class.version" value="52.0"/>
    <property name="sun.management.compiler" value="HotSpot Client Compiler"/>
    <property name="os.version" value="6.3"/>
    <property name="user.home" value="C:\Users\Marek"/>
    <property name="user.timezone" value="Europe/Belgrade"/>
    <property name="java.awt.printerjob" value="sun.awt.windows.WPrinterJob"/>
    <property name="java.specification.version" value="1.8"/>
    <property name="file.encoding" value="Cp1252"/>
    <property name="user.name" value="Marek"/>
    <property name="java.class.path" value="/D:/Program Files/Eclipse/plugins/org.eclipse.m2e.maven.runtime_1.5.0.20140605-2032/jars/plexus-classworlds-2.5.1.jar"/>
    <property name="org.slf4j.simpleLogger.defaultLogLevel" value="info"/>
    <property name="java.vm.specification.version" value="1.8"/>
    <property name="sun.arch.data.model" value="32"/>
    <property name="java.home" value="C:\Program Files (x86)\Java\jre1.8.0_31"/>
    <property name="sun.java.command" value="org.codehaus.plexus.classworlds.launcher.Launcher -B test"/>
    <property name="java.specification.vendor" value="Oracle Corporation"/>
    <property name="user.language" value="en"/>
    <property name="awt.toolkit" value="sun.awt.windows.WToolkit"/>
    <property name="java.vm.info" value="mixed mode"/>
    <property name="java.version" value="1.8.0_31"/>
    <property name="java.ext.dirs" value="C:\Program Files (x86)\Java\jre1.8.0_31\lib\ext;C:\Windows\Sun\Java\lib\ext"/>
    <property name="sun.boot.class.path" value="C:\Program Files (x86)\Java\jre1.8.0_31\lib\resources.jar;C:\Program Files (x86)\Java\jre1.8.0_31\lib\rt.jar;C:\Program Files (x86)\Java\jre1.8.0_31\lib\sunrsasign.jar;C:\Program Files (x86)\Java\jre1.8.0_31\lib\jsse.jar;C:\Program Files (x86)\Java\jre1.8.0_31\lib\jce.jar;C:\Program Files (x86)\Java\jre1.8.0_31\lib\charsets.jar;C:\Program Files (x86)\Java\jre1.8.0_31\lib\jfr.jar;C:\Program Files (x86)\Java\jre1.8.0_31\classes"/>
    <property name="java.vendor" value="Oracle Corporation"/>
    <property name="maven.home" value="D:\Dropbox\GitHub\Testowanie_JAVA\lab03\zad1\EMBEDDED"/>
    <property name="file.separator" value="\"/>
    <property name="java.vendor.url.bug" value="http://bugreport.sun.com/bugreport/"/>
    <property name="sun.cpu.endian" value="little"/>
    <property name="sun.io.unicode.encoding" value="UnicodeLittle"/>
    <property name="sun.desktop" value="windows"/>
    <property name="sun.cpu.isalist" value="pentium_pro+mmx pentium_pro pentium+mmx pentium i486 i386 i86"/>
  </properties>
  <testcase classname="lab2.zad1.CorrectInputTests" name="cyfrokradTest[0]" time="0.008"/>
  <testcase classname="lab2.zad1.CorrectInputTests" name="hultajchochlaTest[0]" time="0"/>
  <testcase classname="lab2.zad1.CorrectInputTests" name="cyfrokradTest2[0]" time="0"/>
  <testcase classname="lab2.zad1.CorrectInputTests" name="nieksztaltekTest[0]" time="0"/>
  <testcase classname="lab2.zad1.CorrectInputTests" name="cyfrokradTest[1]" time="0"/>
  <testcase classname="lab2.zad1.CorrectInputTests" name="hultajchochlaTest[1]" time="0"/>
  <testcase classname="lab2.zad1.CorrectInputTests" name="cyfrokradTest2[1]" time="0"/>
  <testcase classname="lab2.zad1.CorrectInputTests" name="nieksztaltekTest[1]" time="0.001"/>
  <testcase classname="lab2.zad1.CorrectInputTests" name="cyfrokradTest[2]" time="0"/>
  <testcase classname="lab2.zad1.CorrectInputTests" name="hultajchochlaTest[2]" time="0"/>
  <testcase classname="lab2.zad1.CorrectInputTests" name="cyfrokradTest2[2]" time="0.001"/>
  <testcase classname="lab2.zad1.CorrectInputTests" name="nieksztaltekTest[2]" time="0"/>
  <testcase classname="lab2.zad1.CorrectInputTests" name="cyfrokradTest[3]" time="0"/>
  <testcase classname="lab2.zad1.CorrectInputTests" name="hultajchochlaTest[3]" time="0"/>
  <testcase classname="lab2.zad1.CorrectInputTests" name="cyfrokradTest2[3]" time="0.001"/>
  <testcase classname="lab2.zad1.CorrectInputTests" name="nieksztaltekTest[3]" time="0"/>
  <testcase classname="lab2.zad1.BadInputTests" name="cyfrokradBadInputTest[0]" time="0"/>
  <testcase classname="lab2.zad1.BadInputTests" name="hultajchochlaBadInputTest[0]" time="0.003"/>
  <testcase classname="lab2.zad1.BadInputTests" name="cyfrokradBadInputTest[1]" time="0"/>
  <testcase classname="lab2.zad1.BadInputTests" name="hultajchochlaBadInputTest[1]" time="0"/>
  <testcase classname="lab2.zad1.BadInputTests" name="cyfrokradBadInputTest[2]" time="0.001"/>
  <testcase classname="lab2.zad1.BadInputTests" name="hultajchochlaBadInputTest[2]" time="0"/>
</testsuite>